[debug] [2024-03-02T15:50:19.716Z] ----------------------------------------------------------------------
[debug] [2024-03-02T15:50:19.719Z] Command:       C:\Program Files\nodejs\node.exe C:\Users\HP\AppData\Roaming\npm\node_modules\firebase-tools\lib\bin\firebase.js init
[debug] [2024-03-02T15:50:19.720Z] CLI Version:   13.4.0
[debug] [2024-03-02T15:50:19.720Z] Platform:      win32
[debug] [2024-03-02T15:50:19.721Z] Node Version:  v18.17.1
[debug] [2024-03-02T15:50:19.722Z] Time:          Sat Mar 02 2024 15:50:19 GMT+0000 (heure moyenne de Greenwich)
[debug] [2024-03-02T15:50:19.722Z] ----------------------------------------------------------------------
[debug] 
[debug] [2024-03-02T15:50:19.735Z] > command requires scopes: ["email","openid","https://www.googleapis.com/auth/cloudplatformprojects.readonly","https://www.googleapis.com/auth/firebase","https://www.googleapis.com/auth/cloud-platform"]
[debug] [2024-03-02T15:50:19.736Z] > authorizing via signed-in user (augustinselete01@gmail.com)
[info] 
     ######## #### ########  ######## ########     ###     ######  ########
     ##        ##  ##     ## ##       ##     ##  ##   ##  ##       ##
     ######    ##  ########  ######   ########  #########  ######  ######
     ##        ##  ##    ##  ##       ##     ## ##     ##       ## ##
     ##       #### ##     ## ######## ########  ##     ##  ######  ########

You're about to initialize a Firebase project in this directory:

  C:\Users\HP\instantchat

[info] 
=== Project Setup
[info] 
[info] First, let's associate this project directory with a Firebase project.
[info] You can create multiple project aliases by running firebase use --add, 
[info] but for now we'll just set up a default project.
[info] 
[debug] [2024-03-02T15:51:17.137Z] >>> [apiv2][query] GET https://firebase.googleapis.com/v1beta1/projects pageSize=100
[debug] [2024-03-02T15:51:18.901Z] <<< [apiv2][status] GET https://firebase.googleapis.com/v1beta1/projects 200
[debug] [2024-03-02T15:51:18.901Z] <<< [apiv2][body] GET https://firebase.googleapis.com/v1beta1/projects [omitted]
[info] i  Using project instantchat-57a37 (instantchat) 
[info] 
=== Database Setup
[info] i  database: ensuring required API firebasedatabase.googleapis.com is enabled... 
[debug] [2024-03-02T15:51:20.894Z] >>> [apiv2][query] GET https://serviceusage.googleapis.com/v1/projects/instantchat-57a37/services/firebasedatabase.googleapis.com [none]
[debug] [2024-03-02T15:51:20.895Z] >>> [apiv2][(partial)header] GET https://serviceusage.googleapis.com/v1/projects/instantchat-57a37/services/firebasedatabase.googleapis.com x-goog-quota-user=projects/instantchat-57a37
[debug] [2024-03-02T15:51:23.387Z] <<< [apiv2][status] GET https://serviceusage.googleapis.com/v1/projects/instantchat-57a37/services/firebasedatabase.googleapis.com 200
[debug] [2024-03-02T15:51:23.387Z] <<< [apiv2][body] GET https://serviceusage.googleapis.com/v1/projects/instantchat-57a37/services/firebasedatabase.googleapis.com [omitted]
[info] +  database: required API firebasedatabase.googleapis.com is enabled 
[info] 
[debug] [2024-03-02T15:51:23.389Z] >>> [apiv2][query] GET https://firebasedatabase.googleapis.com/v1beta/projects/instantchat-57a37/locations/-/instances/instantchat-57a37-default-rtdb [none]
[debug] [2024-03-02T15:51:24.777Z] <<< [apiv2][status] GET https://firebasedatabase.googleapis.com/v1beta/projects/instantchat-57a37/locations/-/instances/instantchat-57a37-default-rtdb 200
[debug] [2024-03-02T15:51:24.778Z] <<< [apiv2][body] GET https://firebasedatabase.googleapis.com/v1beta/projects/instantchat-57a37/locations/-/instances/instantchat-57a37-default-rtdb {"name":"projects/992511153414/locations/us-central1/instances/instantchat-57a37-default-rtdb","project":"projects/992511153414","databaseUrl":"https://instantchat-57a37-default-rtdb.firebaseio.com","type":"DEFAULT_DATABASE","state":"ACTIVE"}
[info] 
[info] Firebase Realtime Database Security Rules allow you to define how your data should be
[info] structured and when your data can be read from and written to.
[info] 
[debug] [2024-03-02T15:51:41.621Z] >>> [apiv2][query] GET https://instantchat-57a37-default-rtdb.firebaseio.com/.settings/rules.json [none]
[debug] [2024-03-02T15:51:42.379Z] <<< [apiv2][status] GET https://instantchat-57a37-default-rtdb.firebaseio.com/.settings/rules.json 200
[debug] [2024-03-02T15:51:42.380Z] <<< [apiv2][body] GET https://instantchat-57a37-default-rtdb.firebaseio.com/.settings/rules.json [stream]
[info] +  Database Rules for instantchat-57a37-default-rtdb have been written to database.rules.json. 
[info] Future modifications to database.rules.json will update Realtime Database Security Rules when you run
[info] firebase deploy.
[info] 
=== Firestore Setup
[debug] [2024-03-02T15:51:42.385Z] >>> [apiv2][query] GET https://serviceusage.googleapis.com/v1/projects/instantchat-57a37/services/firestore.googleapis.com [none]
[debug] [2024-03-02T15:51:42.385Z] >>> [apiv2][(partial)header] GET https://serviceusage.googleapis.com/v1/projects/instantchat-57a37/services/firestore.googleapis.com x-goog-quota-user=projects/instantchat-57a37
[debug] [2024-03-02T15:51:43.724Z] <<< [apiv2][status] GET https://serviceusage.googleapis.com/v1/projects/instantchat-57a37/services/firestore.googleapis.com 200
[debug] [2024-03-02T15:51:43.725Z] <<< [apiv2][body] GET https://serviceusage.googleapis.com/v1/projects/instantchat-57a37/services/firestore.googleapis.com [omitted]
[debug] [2024-03-02T15:51:43.725Z] >>> [apiv2][query] GET https://firestore.googleapis.com/v1/projects/instantchat-57a37/databases/(default) [none]
[debug] [2024-03-02T15:51:46.964Z] <<< [apiv2][status] GET https://firestore.googleapis.com/v1/projects/instantchat-57a37/databases/(default) 200
[debug] [2024-03-02T15:51:46.964Z] <<< [apiv2][body] GET https://firestore.googleapis.com/v1/projects/instantchat-57a37/databases/(default) {"name":"projects/instantchat-57a37/databases/(default)","uid":"6e232452-541d-4043-a169-2b2dd24006db","createTime":"2024-03-02T14:47:02.122504Z","updateTime":"2024-03-02T14:47:02.122504Z","locationId":"nam5","type":"FIRESTORE_NATIVE","concurrencyMode":"PESSIMISTIC","versionRetentionPeriod":"3600s","earliestVersionTime":"2024-03-02T14:51:46.011990Z","appEngineIntegrationMode":"DISABLED","keyPrefix":"s","pointInTimeRecoveryEnablement":"POINT_IN_TIME_RECOVERY_DISABLED","deleteProtectionState":"DELETE_PROTECTION_DISABLED","etag":"IJGo7sH31YQDMLeKy+vs1YQD"}
[debug] [2024-03-02T15:51:46.964Z] database_type: FIRESTORE_NATIVE
[debug] [2024-03-02T15:51:46.965Z] > command requires scopes: ["email","openid","https://www.googleapis.com/auth/cloudplatformprojects.readonly","https://www.googleapis.com/auth/firebase","https://www.googleapis.com/auth/cloud-platform"]
[debug] [2024-03-02T15:51:46.965Z] > authorizing via signed-in user (augustinselete01@gmail.com)
[debug] [2024-03-02T15:51:46.965Z] [iam] checking project instantchat-57a37 for permissions ["firebase.projects.get"]
[debug] [2024-03-02T15:51:46.966Z] >>> [apiv2][query] POST https://cloudresourcemanager.googleapis.com/v1/projects/instantchat-57a37:testIamPermissions [none]
[debug] [2024-03-02T15:51:46.966Z] >>> [apiv2][(partial)header] POST https://cloudresourcemanager.googleapis.com/v1/projects/instantchat-57a37:testIamPermissions x-goog-quota-user=projects/instantchat-57a37
[debug] [2024-03-02T15:51:46.966Z] >>> [apiv2][body] POST https://cloudresourcemanager.googleapis.com/v1/projects/instantchat-57a37:testIamPermissions {"permissions":["firebase.projects.get"]}
[debug] [2024-03-02T15:51:48.118Z] <<< [apiv2][status] POST https://cloudresourcemanager.googleapis.com/v1/projects/instantchat-57a37:testIamPermissions 200
[debug] [2024-03-02T15:51:48.118Z] <<< [apiv2][body] POST https://cloudresourcemanager.googleapis.com/v1/projects/instantchat-57a37:testIamPermissions {"permissions":["firebase.projects.get"]}
[info] 
[info] Firestore Security Rules allow you to define how and when to allow
[info] requests. You can keep these rules in your project directory
[info] and publish them with firebase deploy.
[info] 
[debug] [2024-03-02T15:52:02.540Z] >>> [apiv2][query] GET https://firebaserules.googleapis.com/v1/projects/instantchat-57a37/releases pageSize=10&pageToken=
[debug] [2024-03-02T15:52:05.197Z] <<< [apiv2][status] GET https://firebaserules.googleapis.com/v1/projects/instantchat-57a37/releases 200
[debug] [2024-03-02T15:52:05.197Z] <<< [apiv2][body] GET https://firebaserules.googleapis.com/v1/projects/instantchat-57a37/releases {}
[debug] [2024-03-02T15:52:05.197Z] No rulesets found, using default.
[info] 
[info] Firestore indexes allow you to perform complex queries while
[info] maintaining performance that scales with the size of the result
[info] set. You can keep index definitions in your project directory
[info] and publish them with firebase deploy.
[info] 
[debug] [2024-03-02T15:52:11.148Z] >>> [apiv2][query] GET https://firestore.googleapis.com/v1/projects/instantchat-57a37/databases/(default)/collectionGroups/-/indexes [none]
[debug] [2024-03-02T15:52:11.152Z] >>> [apiv2][query] GET https://firestore.googleapis.com/v1/projects/instantchat-57a37/databases/(default)/collectionGroups/-/fields?filter=indexConfig.usesAncestorConfig=false OR ttlConfig:* [none]
[debug] [2024-03-02T15:52:12.290Z] <<< [apiv2][status] GET https://firestore.googleapis.com/v1/projects/instantchat-57a37/databases/(default)/collectionGroups/-/indexes 200
[debug] [2024-03-02T15:52:12.290Z] <<< [apiv2][body] GET https://firestore.googleapis.com/v1/projects/instantchat-57a37/databases/(default)/collectionGroups/-/indexes {}
[debug] [2024-03-02T15:52:12.538Z] <<< [apiv2][status] GET https://firestore.googleapis.com/v1/projects/instantchat-57a37/databases/(default)/collectionGroups/-/fields?filter=indexConfig.usesAncestorConfig=false OR ttlConfig:* 200
[debug] [2024-03-02T15:52:12.538Z] <<< [apiv2][body] GET https://firestore.googleapis.com/v1/projects/instantchat-57a37/databases/(default)/collectionGroups/-/fields?filter=indexConfig.usesAncestorConfig=false OR ttlConfig:* {"fields":[{"name":"projects/instantchat-57a37/databases/(default)/collectionGroups/__default__/fields/*","indexConfig":{"indexes":[{"queryScope":"COLLECTION","fields":[{"fieldPath":"*","order":"ASCENDING"}],"state":"READY"},{"queryScope":"COLLECTION","fields":[{"fieldPath":"*","order":"DESCENDING"}],"state":"READY"},{"queryScope":"COLLECTION","fields":[{"fieldPath":"*","arrayConfig":"CONTAINS"}],"state":"READY"}]}}]}
[info] 
=== Functions Setup
[debug] [2024-03-02T15:52:12.541Z] > command requires scopes: ["email","openid","https://www.googleapis.com/auth/cloudplatformprojects.readonly","https://www.googleapis.com/auth/firebase","https://www.googleapis.com/auth/cloud-platform"]
[debug] [2024-03-02T15:52:12.541Z] > authorizing via signed-in user (augustinselete01@gmail.com)
[debug] [2024-03-02T15:52:12.541Z] [iam] checking project instantchat-57a37 for permissions ["firebase.projects.get"]
[debug] [2024-03-02T15:52:12.542Z] >>> [apiv2][query] POST https://cloudresourcemanager.googleapis.com/v1/projects/instantchat-57a37:testIamPermissions [none]
[debug] [2024-03-02T15:52:12.542Z] >>> [apiv2][(partial)header] POST https://cloudresourcemanager.googleapis.com/v1/projects/instantchat-57a37:testIamPermissions x-goog-quota-user=projects/instantchat-57a37
[debug] [2024-03-02T15:52:12.543Z] >>> [apiv2][body] POST https://cloudresourcemanager.googleapis.com/v1/projects/instantchat-57a37:testIamPermissions {"permissions":["firebase.projects.get"]}
[debug] [2024-03-02T15:52:13.553Z] <<< [apiv2][status] POST https://cloudresourcemanager.googleapis.com/v1/projects/instantchat-57a37:testIamPermissions 200
[debug] [2024-03-02T15:52:13.553Z] <<< [apiv2][body] POST https://cloudresourcemanager.googleapis.com/v1/projects/instantchat-57a37:testIamPermissions {"permissions":["firebase.projects.get"]}
[debug] [2024-03-02T15:52:13.554Z] >>> [apiv2][query] GET https://serviceusage.googleapis.com/v1/projects/instantchat-57a37/services/cloudfunctions.googleapis.com [none]
[debug] [2024-03-02T15:52:13.554Z] >>> [apiv2][(partial)header] GET https://serviceusage.googleapis.com/v1/projects/instantchat-57a37/services/cloudfunctions.googleapis.com x-goog-quota-user=projects/instantchat-57a37
[debug] [2024-03-02T15:52:13.557Z] >>> [apiv2][query] GET https://serviceusage.googleapis.com/v1/projects/instantchat-57a37/services/runtimeconfig.googleapis.com [none]
[debug] [2024-03-02T15:52:13.558Z] >>> [apiv2][(partial)header] GET https://serviceusage.googleapis.com/v1/projects/instantchat-57a37/services/runtimeconfig.googleapis.com x-goog-quota-user=projects/instantchat-57a37
[debug] [2024-03-02T15:52:14.794Z] <<< [apiv2][status] GET https://serviceusage.googleapis.com/v1/projects/instantchat-57a37/services/runtimeconfig.googleapis.com 200
[debug] [2024-03-02T15:52:14.794Z] <<< [apiv2][body] GET https://serviceusage.googleapis.com/v1/projects/instantchat-57a37/services/runtimeconfig.googleapis.com [omitted]
[debug] [2024-03-02T15:52:14.810Z] <<< [apiv2][status] GET https://serviceusage.googleapis.com/v1/projects/instantchat-57a37/services/cloudfunctions.googleapis.com 200
[debug] [2024-03-02T15:52:14.810Z] <<< [apiv2][body] GET https://serviceusage.googleapis.com/v1/projects/instantchat-57a37/services/cloudfunctions.googleapis.com [omitted]
[info] Let's create a new codebase for your functions.
[info] A directory corresponding to the codebase will be created in your project
[info] with sample code pre-configured.

[info] See https://firebase.google.com/docs/functions/organize-functions for
[info] more information on organizing your functions using codebases.

[info] Functions can be deployed with firebase deploy.

[info] +  Wrote functions/package.json 
[info] +  Wrote functions/index.js 
[info] +  Wrote functions/.gitignore 
[info] 
=== Hosting Setup
[debug] [2024-03-02T15:52:49.636Z] >>> [apiv2][query] GET https://firebase.googleapis.com/v1beta1/projects/instantchat-57a37 [none]
[debug] [2024-03-02T15:52:50.193Z] <<< [apiv2][status] GET https://firebase.googleapis.com/v1beta1/projects/instantchat-57a37 200
[debug] [2024-03-02T15:52:50.193Z] <<< [apiv2][body] GET https://firebase.googleapis.com/v1beta1/projects/instantchat-57a37 {"projectId":"instantchat-57a37","projectNumber":"992511153414","displayName":"instantchat","name":"projects/instantchat-57a37","resources":{"hostingSite":"instantchat-57a37","realtimeDatabaseInstance":"instantchat-57a37-default-rtdb","storageBucket":"instantchat-57a37.appspot.com","locationId":"us-central"},"state":"ACTIVE","etag":"1_8164d747-d6dc-4ed4-9487-3ee06bf7e9de"}
[info] 
[info] Your public directory is the folder (relative to your project directory) that
[info] will contain Hosting assets to be uploaded with firebase deploy. If you
[info] have a build process for your assets, use your build's output directory.
[info] 
[info] +  Wrote public/404.html 
[debug] [2024-03-02T15:53:10.715Z] >>> [apiv2][query] GET https://www.gstatic.com/firebasejs/releases.json [none]
[debug] [2024-03-02T15:53:12.478Z] <<< [apiv2][status] GET https://www.gstatic.com/firebasejs/releases.json 200
[debug] [2024-03-02T15:53:12.478Z] <<< [apiv2][body] GET https://www.gstatic.com/firebasejs/releases.json {"current":{"version":"10.8.1","browserURL":"https://www.gstatic.com/firebasejs/10.8.1/firebase.js","packageURL":"https://www.gstatic.com/firebasejs/10.8.1/firebase.tgz"},"live":{"version":"10.8","browserURL":"https://www.gstatic.com/firebasejs/live/10.8/firebase.js","packageURL":"https://www.gstatic.com/firebasejs/live/10.8/firebase.tgz"},"components":{"analytics":"https://www.gstatic.com/firebasejs/10.8.1/firebase-analytics.js","app":"https://www.gstatic.com/firebasejs/10.8.1/firebase-app.js","app-check":"https://www.gstatic.com/firebasejs/10.8.1/firebase-app-check.js","auth":"https://www.gstatic.com/firebasejs/10.8.1/firebase-auth.js","auth/cordova":"https://www.gstatic.com/firebasejs/10.8.1/firebase-auth/cordova.js","auth/web-extension":"https://www.gstatic.com/firebasejs/10.8.1/firebase-auth/web-extension.js","functions":"https://www.gstatic.com/firebasejs/10.8.1/firebase-functions.js","firestore":"https://www.gstatic.com/firebasejs/10.8.1/firebase-firestore.js","firestore/lite":"https://www.gstatic.com/firebasejs/10.8.1/firebase-firestore/lite.js","installations":"https://www.gstatic.com/firebasejs/10.8.1/firebase-installations.js","storage":"https://www.gstatic.com/firebasejs/10.8.1/firebase-storage.js","performance":"https://www.gstatic.com/firebasejs/10.8.1/firebase-performance.js","remote-config":"https://www.gstatic.com/firebasejs/10.8.1/firebase-remote-config.js","messaging":"https://www.gstatic.com/firebasejs/10.8.1/firebase-messaging.js","messaging/sw":"https://www.gstatic.com/firebasejs/10.8.1/firebase-messaging/sw.js","database":"https://www.gstatic.com/firebasejs/10.8.1/firebase-database.js","firestore.memory":"https://www.gstatic.com/firebasejs/10.8.1/firebase-firestore.memory.js"}}
[info] +  Wrote public/index.html 
[info] 
[info] i  Detected a .git folder at C:\Users\HP\instantchat 
[info] i  Authorizing with GitHub to upload your service account to a GitHub repository's secrets store. 
[info] 
[info] Visit this URL on this device to log in:
[info] https://github.com/login/oauth/authorize?client_id=89cf50f02ac6aaed3484&state=288807593&redirect_uri=http%3A%2F%2Flocalhost%3A9005&scope=read%3Auser%20repo%20public_repo
[info] 
[info] Waiting for authentication...
[debug] [2024-03-02T15:53:21.722Z] >>> [apiv2][query] POST https://github.com/login/oauth/access_token [none]
[debug] [2024-03-02T15:53:21.722Z] >>> [apiv2][body] POST https://github.com/login/oauth/access_token [stream]
[debug] [2024-03-02T15:53:22.829Z] <<< [apiv2][status] POST https://github.com/login/oauth/access_token 200
[debug] [2024-03-02T15:53:22.830Z] <<< [apiv2][body] POST https://github.com/login/oauth/access_token {"access_token":"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","token_type":"bearer","scope":"read:user,repo"}
[debug] [2024-03-02T15:53:22.842Z] >>> [apiv2][query] GET https://api.github.com/user [none]
[debug] [2024-03-02T15:53:23.598Z] <<< [apiv2][status] GET https://api.github.com/user 200
[debug] [2024-03-02T15:53:23.598Z] <<< [apiv2][body] GET https://api.github.com/user {"login":"august-dev-pro","id":143771382,"node_id":"U_kgDOCJHG9g","avatar_url":"https://avatars.githubusercontent.com/u/143771382?v=4","gravatar_id":"","url":"https://api.github.com/users/august-dev-pro","html_url":"https://github.com/august-dev-pro","followers_url":"https://api.github.com/users/august-dev-pro/followers","following_url":"https://api.github.com/users/august-dev-pro/following{/other_user}","gists_url":"https://api.github.com/users/august-dev-pro/gists{/gist_id}","starred_url":"https://api.github.com/users/august-dev-pro/starred{/owner}{/repo}","subscriptions_url":"https://api.github.com/users/august-dev-pro/subscriptions","organizations_url":"https://api.github.com/users/august-dev-pro/orgs","repos_url":"https://api.github.com/users/august-dev-pro/repos","events_url":"https://api.github.com/users/august-dev-pro/events{/privacy}","received_events_url":"https://api.github.com/users/august-dev-pro/received_events","type":"User","site_admin":false,"name":"Augustin Selete","company":null,"blog":"","location":null,"email":null,"hireable":null,"bio":"I 'm a junior developer, passionate about coding looking for new challenges and knowledge (Learn to become better)","twitter_username":null,"public_repos":34,"public_gists":0,"followers":2,"following":3,"created_at":"2023-09-01T02:45:01Z","updated_at":"2023-12-21T10:21:29Z","private_gists":0,"total_private_repos":0,"owned_private_repos":0,"disk_usage":89440,"collaborators":0,"two_factor_authentication":false,"plan":{"name":"free","space":976562499,"collaborators":0,"private_repos":10000}}
[info] 
[info] +  Success! Logged into GitHub as august-dev-pro 
[info] 
[debug] [2024-03-02T15:53:44.167Z] >>> [apiv2][query] GET https://api.github.com/repos/user/instantchat/actions/secrets/public-key type=owner
[debug] [2024-03-02T15:53:44.705Z] <<< [apiv2][status] GET https://api.github.com/repos/user/instantchat/actions/secrets/public-key 404
[debug] [2024-03-02T15:53:44.706Z] <<< [apiv2][body] GET https://api.github.com/repos/user/instantchat/actions/secrets/public-key {"message":"Not Found","documentation_url":"https://docs.github.com/rest/actions/secrets#get-a-repository-public-key"}
[info] 
[info] 
[error] !  The provided authorization cannot be used with this repository. If this repository is in an organization, did you remember to grant access? 
[info] 
[info] i  Action required: Visit this URL to ensure access has been granted to the appropriate organization(s) for the Firebase CLI GitHub OAuth App: 
[info] https://github.com/settings/connections/applications/89cf50f02ac6aaed3484
[info] 
[debug] [2024-03-02T15:53:49.182Z] >>> [apiv2][query] GET https://api.github.com/repos/user/instantchat/actions/secrets/public-key type=owner
[debug] [2024-03-02T15:53:49.723Z] <<< [apiv2][status] GET https://api.github.com/repos/user/instantchat/actions/secrets/public-key 404
[debug] [2024-03-02T15:53:49.723Z] <<< [apiv2][body] GET https://api.github.com/repos/user/instantchat/actions/secrets/public-key {"message":"Not Found","documentation_url":"https://docs.github.com/rest/actions/secrets#get-a-repository-public-key"}
[info] 
[info] 
[error] !  The provided authorization cannot be used with this repository. If this repository is in an organization, did you remember to grant access? 
[info] 
[info] i  Action required: Visit this URL to ensure access has been granted to the appropriate organization(s) for the Firebase CLI GitHub OAuth App: 
[info] https://github.com/settings/connections/applications/89cf50f02ac6aaed3484
[info] 
[debug] [2024-03-02T15:54:41.819Z] >>> [apiv2][query] GET https://api.github.com/repos/user/instantchat/actions/secrets/public-key type=owner
[debug] [2024-03-02T15:54:42.367Z] <<< [apiv2][status] GET https://api.github.com/repos/user/instantchat/actions/secrets/public-key 404
[debug] [2024-03-02T15:54:42.368Z] <<< [apiv2][body] GET https://api.github.com/repos/user/instantchat/actions/secrets/public-key {"message":"Not Found","documentation_url":"https://docs.github.com/rest/actions/secrets#get-a-repository-public-key"}
[info] 
[info] 
[error] !  The provided authorization cannot be used with this repository. If this repository is in an organization, did you remember to grant access? 
[info] 
[info] i  Action required: Visit this URL to ensure access has been granted to the appropriate organization(s) for the Firebase CLI GitHub OAuth App: 
[info] https://github.com/settings/connections/applications/89cf50f02ac6aaed3484
[info] 
